# JRE version: OpenJDK Runtime Environment Microsoft-11926163 (17.0.16+8) (build 17.0.16+8-LTS)
# Java VM: OpenJDK 64-Bit Server VM Microsoft-11926163 (17.0.16+8-LTS, mixed mode, sharing, tiered, compressed oops, compressed class ptrs, g1 gc, windows-amd64)
GC Precious Log:
 CPUs: 8 total, 8 available
 Memory: 16126M
 Large Page Support: Disabled
 NUMA Support: Disabled
 Compressed Oops: Enabled (Zero based)
 Heap Region Size: 2M
 Heap Min Capacity: 8M
 Heap Initial Capacity: 252M
 Heap Max Capacity: 4032M
 Pre-touch: Disabled
 Parallel Workers: 8
 Concurrent Workers: 2
 Concurrent Refinement Workers: 8
 Periodic GC: Disabled
Heap:
 garbage-first heap   total 98304K, used 70724K [0x0000000704000000, 0x0000000800000000)
  region size 2048K, 17 young (34816K), 1 survivors (2048K)
 Metaspace       used 66118K, committed 66752K, reserved 1114112K
  class space    used 8751K, committed 9024K, reserved 1048576K
GC Heap History (20 events):
Event: 2.041 GC heap before
{Heap before GC invocations=2 (full 0):
 garbage-first heap   total 258048K, used 52177K [0x0000000704000000, 0x0000000800000000)
  region size 2048K, 21 young (43008K), 2 survivors (4096K)
 Metaspace       used 16745K, committed 17088K, reserved 1114112K
  class space    used 2095K, committed 2240K, reserved 1048576K
}
Event: 2.047 GC heap after
{Heap after GC invocations=3 (full 0):
 garbage-first heap   total 258048K, used 16418K [0x0000000704000000, 0x0000000800000000)
  region size 2048K, 2 young (4096K), 2 survivors (4096K)
 Metaspace       used 16745K, committed 17088K, reserved 1114112K
  class space    used 2095K, committed 2240K, reserved 1048576K
}
Event: 2.246 GC heap before
{Heap before GC invocations=3 (full 0):
 garbage-first heap   total 258048K, used 34850K [0x0000000704000000, 0x0000000800000000)
  region size 2048K, 12 young (24576K), 2 survivors (4096K)
 Metaspace       used 21213K, committed 21504K, reserved 1114112K
  class space    used 2608K, committed 2752K, reserved 1048576K
}
Event: 2.249 GC heap after
{Heap after GC invocations=4 (full 0):
 garbage-first heap   total 258048K, used 17909K [0x0000000704000000, 0x0000000800000000)
  region size 2048K, 3 young (6144K), 3 survivors (6144K)
 Metaspace       used 21213K, committed 21504K, reserved 1114112K
  class space    used 2608K, committed 2752K, reserved 1048576K
}
Event: 2.789 GC heap before
{Heap before GC invocations=5 (full 0):
 garbage-first heap   total 81920K, used 60917K [0x0000000704000000, 0x0000000800000000)
  region size 2048K, 24 young (49152K), 3 survivors (6144K)
 Metaspace       used 26753K, committed 27136K, reserved 1114112K
  class space    used 3267K, committed 3456K, reserved 1048576K
}
Event: 2.795 GC heap after
{Heap after GC invocations=6 (full 0):
 garbage-first heap   total 81920K, used 20618K [0x0000000704000000, 0x0000000800000000)
  region size 2048K, 3 young (6144K), 3 survivors (6144K)
 Metaspace       used 26753K, committed 27136K, reserved 1114112K
  class space    used 3267K, committed 3456K, reserved 1048576K
}
Event: 3.752 GC heap before
{Heap before GC invocations=6 (full 0):
 garbage-first heap   total 81920K, used 51338K [0x0000000704000000, 0x0000000800000000)
  region size 2048K, 19 young (38912K), 3 survivors (6144K)
 Metaspace       used 31212K, committed 31616K, reserved 1114112K
  class space    used 3878K, committed 4096K, reserved 1048576K
}
Event: 3.761 GC heap after
{Heap after GC invocations=7 (full 0):
 garbage-first heap   total 81920K, used 23137K [0x0000000704000000, 0x0000000800000000)
  region size 2048K, 3 young (6144K), 3 survivors (6144K)
 Metaspace       used 31212K, committed 31616K, reserved 1114112K
  class space    used 3878K, committed 4096K, reserved 1048576K
}
Event: 4.604 GC heap before
{Heap before GC invocations=7 (full 0):
 garbage-first heap   total 81920K, used 47713K [0x0000000704000000, 0x0000000800000000)
  region size 2048K, 16 young (32768K), 3 survivors (6144K)
 Metaspace       used 36013K, committed 36416K, reserved 1114112K
  class space    used 4501K, committed 4672K, reserved 1048576K
}
Event: 4.614 GC heap after
{Heap after GC invocations=8 (full 0):
 garbage-first heap   total 81920K, used 25418K [0x0000000704000000, 0x0000000800000000)
  region size 2048K, 3 young (6144K), 3 survivors (6144K)
 Metaspace       used 36013K, committed 36416K, reserved 1114112K
  class space    used 4501K, committed 4672K, reserved 1048576K
}
Event: 5.208 GC heap before
{Heap before GC invocations=9 (full 0):
 garbage-first heap   total 81920K, used 58186K [0x0000000704000000, 0x0000000800000000)
  region size 2048K, 19 young (38912K), 3 survivors (6144K)
 Metaspace       used 39177K, committed 39680K, reserved 1114112K
  class space    used 4950K, committed 5184K, reserved 1048576K
}
Event: 5.216 GC heap after
{Heap after GC invocations=10 (full 0):
 garbage-first heap   total 81920K, used 26529K [0x0000000704000000, 0x0000000800000000)
  region size 2048K, 2 young (4096K), 2 survivors (4096K)
 Metaspace       used 39177K, committed 39680K, reserved 1114112K
  class space    used 4950K, committed 5184K, reserved 1048576K
}
Event: 5.773 GC heap before
{Heap before GC invocations=10 (full 0):
 garbage-first heap   total 81920K, used 59297K [0x0000000704000000, 0x0000000800000000)
  region size 2048K, 18 young (36864K), 2 survivors (4096K)
 Metaspace       used 44015K, committed 44544K, reserved 1114112K
  class space    used 5665K, committed 5888K, reserved 1048576K
}
Event: 5.784 GC heap after
{Heap after GC invocations=11 (full 0):
 garbage-first heap   total 98304K, used 30601K [0x0000000704000000, 0x0000000800000000)
  region size 2048K, 3 young (6144K), 3 survivors (6144K)
 Metaspace       used 44015K, committed 44544K, reserved 1114112K
  class space    used 5665K, committed 5888K, reserved 1048576K
}
Event: 7.018 GC heap before
{Heap before GC invocations=11 (full 0):
 garbage-first heap   total 98304K, used 71561K [0x0000000704000000, 0x0000000800000000)
  region size 2048K, 23 young (47104K), 3 survivors (6144K)
 Metaspace       used 50302K, committed 50816K, reserved 1114112K
  class space    used 6658K, committed 6912K, reserved 1048576K
}
Event: 7.024 GC heap after
{Heap after GC invocations=12 (full 0):
 garbage-first heap   total 98304K, used 35898K [0x0000000704000000, 0x0000000800000000)
  region size 2048K, 3 young (6144K), 3 survivors (6144K)
 Metaspace       used 50302K, committed 50816K, reserved 1114112K
  class space    used 6658K, committed 6912K, reserved 1048576K
}
Event: 7.928 GC heap before
{Heap before GC invocations=12 (full 0):
 garbage-first heap   total 98304K, used 72762K [0x0000000704000000, 0x0000000800000000)
  region size 2048K, 21 young (43008K), 3 survivors (6144K)
 Metaspace       used 55845K, committed 56384K, reserved 1114112K
  class space    used 7408K, committed 7680K, reserved 1048576K
}
Event: 7.935 GC heap after
{Heap after GC invocations=13 (full 0):
 garbage-first heap   total 98304K, used 40675K [0x0000000704000000, 0x0000000800000000)
  region size 2048K, 3 young (6144K), 3 survivors (6144K)
 Metaspace       used 55845K, committed 56384K, reserved 1114112K
  class space    used 7408K, committed 7680K, reserved 1048576K
}
Event: 42.347 GC heap before
{Heap before GC invocations=13 (full 0):
 garbage-first heap   total 98304K, used 57059K [0x0000000704000000, 0x0000000800000000)
  region size 2048K, 12 young (24576K), 3 survivors (6144K)
 Metaspace       used 60373K, committed 60928K, reserved 1114112K
  class space    used 7974K, committed 8256K, reserved 1048576K
}
Event: 42.352 GC heap after
{Heap after GC invocations=14 (full 0):
 garbage-first heap   total 98304K, used 42052K [0x0000000704000000, 0x0000000800000000)
  region size 2048K, 1 young (2048K), 1 survivors (2048K)
 Metaspace       used 60373K, committed 60928K, reserved 1114112K
  class space    used 7974K, committed 8256K, reserved 1048576K
}

