# JRE version: OpenJDK Runtime Environment Microsoft-11926163 (17.0.16+8) (build 17.0.16+8-LTS)
# Java VM: OpenJDK 64-Bit Server VM Microsoft-11926163 (17.0.16+8-LTS, mixed mode, sharing, tiered, compressed oops, compressed class ptrs, g1 gc, windows-amd64)
GC Precious Log:
 CPUs: 8 total, 8 available
 Memory: 16126M
 Large Page Support: Disabled
 NUMA Support: Disabled
 Compressed Oops: Enabled (Zero based)
 Heap Region Size: 2M
 Heap Min Capacity: 8M
 Heap Initial Capacity: 252M
 Heap Max Capacity: 4032M
 Pre-touch: Disabled
 Parallel Workers: 8
 Concurrent Workers: 2
 Concurrent Refinement Workers: 8
 Periodic GC: Disabled
Heap:
 garbage-first heap   total 98304K, used 55480K [0x0000000704000000, 0x0000000800000000)
  region size 2048K, 8 young (16384K), 1 survivors (2048K)
 Metaspace       used 65640K, committed 66304K, reserved 1114112K
  class space    used 8504K, committed 8832K, reserved 1048576K
GC Heap History (20 events):
Event: 3.008 GC heap before
{Heap before GC invocations=5 (full 0):
 garbage-first heap   total 81920K, used 61530K [0x0000000704000000, 0x0000000800000000)
  region size 2048K, 24 young (49152K), 3 survivors (6144K)
 Metaspace       used 26867K, committed 27264K, reserved 1114112K
  class space    used 3280K, committed 3520K, reserved 1048576K
}
Event: 3.015 GC heap after
{Heap after GC invocations=6 (full 0):
 garbage-first heap   total 81920K, used 20747K [0x0000000704000000, 0x0000000800000000)
  region size 2048K, 2 young (4096K), 2 survivors (4096K)
 Metaspace       used 26867K, committed 27264K, reserved 1114112K
  class space    used 3280K, committed 3520K, reserved 1048576K
}
Event: 3.814 GC heap before
{Heap before GC invocations=6 (full 0):
 garbage-first heap   total 81920K, used 55563K [0x0000000704000000, 0x0000000800000000)
  region size 2048K, 19 young (38912K), 2 survivors (4096K)
 Metaspace       used 31696K, committed 32064K, reserved 1114112K
  class space    used 3985K, committed 4160K, reserved 1048576K
}
Event: 3.820 GC heap after
{Heap after GC invocations=7 (full 0):
 garbage-first heap   total 81920K, used 23602K [0x0000000704000000, 0x0000000800000000)
  region size 2048K, 3 young (6144K), 3 survivors (6144K)
 Metaspace       used 31696K, committed 32064K, reserved 1114112K
  class space    used 3985K, committed 4160K, reserved 1048576K
}
Event: 4.328 GC heap before
{Heap before GC invocations=7 (full 0):
 garbage-first heap   total 81920K, used 44082K [0x0000000704000000, 0x0000000800000000)
  region size 2048K, 14 young (28672K), 3 survivors (6144K)
 Metaspace       used 35890K, committed 36288K, reserved 1114112K
  class space    used 4495K, committed 4672K, reserved 1048576K
}
Event: 4.336 GC heap after
{Heap after GC invocations=8 (full 0):
 garbage-first heap   total 81920K, used 25353K [0x0000000704000000, 0x0000000800000000)
  region size 2048K, 3 young (6144K), 3 survivors (6144K)
 Metaspace       used 35890K, committed 36288K, reserved 1114112K
  class space    used 4495K, committed 4672K, reserved 1048576K
}
Event: 4.818 GC heap before
{Heap before GC invocations=9 (full 0):
 garbage-first heap   total 81920K, used 58121K [0x0000000704000000, 0x0000000800000000)
  region size 2048K, 19 young (38912K), 3 survivors (6144K)
 Metaspace       used 39079K, committed 39552K, reserved 1114112K
  class space    used 4936K, committed 5184K, reserved 1048576K
}
Event: 4.827 GC heap after
{Heap after GC invocations=10 (full 0):
 garbage-first heap   total 98304K, used 27044K [0x0000000704000000, 0x0000000800000000)
  region size 2048K, 2 young (4096K), 2 survivors (4096K)
 Metaspace       used 39079K, committed 39552K, reserved 1114112K
  class space    used 4936K, committed 5184K, reserved 1048576K
}
Event: 5.606 GC heap before
{Heap before GC invocations=10 (full 0):
 garbage-first heap   total 98304K, used 70052K [0x0000000704000000, 0x0000000800000000)
  region size 2048K, 24 young (49152K), 2 survivors (4096K)
 Metaspace       used 45374K, committed 45888K, reserved 1114112K
  class space    used 5857K, committed 6080K, reserved 1048576K
}
Event: 5.618 GC heap after
{Heap after GC invocations=11 (full 0):
 garbage-first heap   total 98304K, used 33123K [0x0000000704000000, 0x0000000800000000)
  region size 2048K, 3 young (6144K), 3 survivors (6144K)
 Metaspace       used 45374K, committed 45888K, reserved 1114112K
  class space    used 5857K, committed 6080K, reserved 1048576K
}
Event: 6.851 GC heap before
{Heap before GC invocations=11 (full 0):
 garbage-first heap   total 98304K, used 72035K [0x0000000704000000, 0x0000000800000000)
  region size 2048K, 22 young (45056K), 3 survivors (6144K)
 Metaspace       used 51913K, committed 52480K, reserved 1114112K
  class space    used 6877K, committed 7168K, reserved 1048576K
}
Event: 6.857 GC heap after
{Heap after GC invocations=12 (full 0):
 garbage-first heap   total 98304K, used 37517K [0x0000000704000000, 0x0000000800000000)
  region size 2048K, 2 young (4096K), 2 survivors (4096K)
 Metaspace       used 51913K, committed 52480K, reserved 1114112K
  class space    used 6877K, committed 7168K, reserved 1048576K
}
Event: 8.187 GC heap before
{Heap before GC invocations=12 (full 0):
 garbage-first heap   total 98304K, used 74381K [0x0000000704000000, 0x0000000800000000)
  region size 2048K, 20 young (40960K), 2 survivors (4096K)
 Metaspace       used 58378K, committed 58944K, reserved 1114112K
  class space    used 7711K, committed 8000K, reserved 1048576K
}
Event: 8.194 GC heap after
{Heap after GC invocations=13 (full 0):
 garbage-first heap   total 98304K, used 41964K [0x0000000704000000, 0x0000000800000000)
  region size 2048K, 3 young (6144K), 3 survivors (6144K)
 Metaspace       used 58378K, committed 58944K, reserved 1114112K
  class space    used 7711K, committed 8000K, reserved 1048576K
}
Event: 8.359 GC heap before
{Heap before GC invocations=13 (full 0):
 garbage-first heap   total 98304K, used 48108K [0x0000000704000000, 0x0000000800000000)
  region size 2048K, 7 young (14336K), 3 survivors (6144K)
 Metaspace       used 60013K, committed 60608K, reserved 1114112K
  class space    used 7941K, committed 8256K, reserved 1048576K
}
Event: 8.363 GC heap after
{Heap after GC invocations=14 (full 0):
 garbage-first heap   total 98304K, used 42648K [0x0000000704000000, 0x0000000800000000)
  region size 2048K, 1 young (2048K), 1 survivors (2048K)
 Metaspace       used 60013K, committed 60608K, reserved 1114112K
  class space    used 7941K, committed 8256K, reserved 1048576K
}
Event: 243.512 GC heap before
{Heap before GC invocations=15 (full 0):
 garbage-first heap   total 98304K, used 75416K [0x0000000704000000, 0x0000000800000000)
  region size 2048K, 17 young (34816K), 1 survivors (2048K)
 Metaspace       used 64942K, committed 65600K, reserved 1114112K
  class space    used 8504K, committed 8832K, reserved 1048576K
}
Event: 243.516 GC heap after
{Heap after GC invocations=16 (full 0):
 garbage-first heap   total 98304K, used 44488K [0x0000000704000000, 0x0000000800000000)
  region size 2048K, 2 young (4096K), 2 survivors (4096K)
 Metaspace       used 64942K, committed 65600K, reserved 1114112K
  class space    used 8504K, committed 8832K, reserved 1048576K
}
Event: 288.067 GC heap before
{Heap before GC invocations=16 (full 0):
 garbage-first heap   total 98304K, used 46536K [0x0000000704000000, 0x0000000800000000)
  region size 2048K, 3 young (6144K), 2 survivors (4096K)
 Metaspace       used 65030K, committed 65664K, reserved 1114112K
  class space    used 8504K, committed 8832K, reserved 1048576K
}
Event: 288.075 GC heap after
{Heap after GC invocations=17 (full 0):
 garbage-first heap   total 98304K, used 43192K [0x0000000704000000, 0x0000000800000000)
  region size 2048K, 1 young (2048K), 1 survivors (2048K)
 Metaspace       used 65030K, committed 65664K, reserved 1114112K
  class space    used 8504K, committed 8832K, reserved 1048576K
}

