# JRE version: OpenJDK Runtime Environment Temurin-21.0.9+10 (21.0.9+10) (build 21.0.9+10-LTS)
# Java VM: OpenJDK 64-Bit Server VM Temurin-21.0.9+10 (21.0.9+10-LTS, mixed mode, sharing, tiered, compressed oops, compressed class ptrs, parallel gc, windows-amd64)
GC Precious Log:
 CardTable entry size: 512
 CPUs: 8 total, 8 available
 Memory: 16126M
 Large Page Support: Disabled
 NUMA Support: Disabled
 Compressed Oops: Enabled (32-bit)
 Alignments: Space 512K, Generation 512K, Heap 2M
 Heap Min Capacity: 100M
 Heap Initial Capacity: 100M
 Heap Max Capacity: 2G
 Pre-touch: Disabled
 Parallel Workers: 8
Heap:
 PSYoungGen      total 12288K, used 12252K [0x00000000d5580000, 0x00000000d6500000, 0x0000000100000000)
  eden space 10240K, 100% used [0x00000000d5580000,0x00000000d5f80000,0x00000000d5f80000)
  from space 2048K, 98% used [0x00000000d6200000,0x00000000d63f73d0,0x00000000d6400000)
  to   space 2560K, 32% used [0x00000000d5f80000,0x00000000d6050000,0x00000000d6200000)
 ParOldGen       total 171520K, used 171019K [0x0000000080000000, 0x000000008a780000, 0x00000000d5580000)
  object space 171520K, 99% used [0x0000000080000000,0x000000008a706cf0,0x000000008a780000)
 Metaspace       used 55423K, committed 56768K, reserved 1114112K
  class space    used 5957K, committed 6592K, reserved 1048576K
GC Heap History (20 events):
Event: 22.612 GC heap before
{Heap before GC invocations=81 (full 2):
 PSYoungGen      total 12800K, used 12406K [0x00000000d5580000, 0x00000000d6400000, 0x0000000100000000)
  eden space 10752K, 100% used [0x00000000d5580000,0x00000000d6000000,0x00000000d6000000)
  from space 2048K, 80% used [0x00000000d6200000,0x00000000d639d8e8,0x00000000d6400000)
  to   space 2048K, 0% used [0x00000000d6000000,0x00000000d6000000,0x00000000d6200000)
 ParOldGen       total 154624K, used 154474K [0x0000000080000000, 0x0000000089700000, 0x00000000d5580000)
  object space 154624K, 99% used [0x0000000080000000,0x00000000896da9c8,0x0000000089700000)
 Metaspace       used 54962K, committed 56320K, reserved 1114112K
  class space    used 5914K, committed 6528K, reserved 1048576K
}
Event: 22.616 GC heap after
{Heap after GC invocations=81 (full 2):
 PSYoungGen      total 12800K, used 1586K [0x00000000d5580000, 0x00000000d6400000, 0x0000000100000000)
  eden space 10752K, 0% used [0x00000000d5580000,0x00000000d5580000,0x00000000d6000000)
  from space 2048K, 77% used [0x00000000d6000000,0x00000000d618cb90,0x00000000d6200000)
  to   space 2048K, 0% used [0x00000000d6200000,0x00000000d6200000,0x00000000d6400000)
 ParOldGen       total 156160K, used 155964K [0x0000000080000000, 0x0000000089880000, 0x00000000d5580000)
  object space 156160K, 99% used [0x0000000080000000,0x000000008984f040,0x0000000089880000)
 Metaspace       used 54962K, committed 56320K, reserved 1114112K
  class space    used 5914K, committed 6528K, reserved 1048576K
}
Event: 22.673 GC heap before
{Heap before GC invocations=82 (full 2):
 PSYoungGen      total 12800K, used 12338K [0x00000000d5580000, 0x00000000d6400000, 0x0000000100000000)
  eden space 10752K, 100% used [0x00000000d5580000,0x00000000d6000000,0x00000000d6000000)
  from space 2048K, 77% used [0x00000000d6000000,0x00000000d618cb90,0x00000000d6200000)
  to   space 2048K, 0% used [0x00000000d6200000,0x00000000d6200000,0x00000000d6400000)
 ParOldGen       total 156160K, used 155964K [0x0000000080000000, 0x0000000089880000, 0x00000000d5580000)
  object space 156160K, 99% used [0x0000000080000000,0x000000008984f040,0x0000000089880000)
 Metaspace       used 54981K, committed 56320K, reserved 1114112K
  class space    used 5914K, committed 6528K, reserved 1048576K
}
Event: 22.676 GC heap after
{Heap after GC invocations=82 (full 2):
 PSYoungGen      total 12800K, used 1664K [0x00000000d5580000, 0x00000000d6400000, 0x0000000100000000)
  eden space 10752K, 0% used [0x00000000d5580000,0x00000000d5580000,0x00000000d6000000)
  from space 2048K, 81% used [0x00000000d6200000,0x00000000d63a0000,0x00000000d6400000)
  to   space 2048K, 0% used [0x00000000d6000000,0x00000000d6000000,0x00000000d6200000)
 ParOldGen       total 157696K, used 157443K [0x0000000080000000, 0x0000000089a00000, 0x00000000d5580000)
  object space 157696K, 99% used [0x0000000080000000,0x00000000899c0d10,0x0000000089a00000)
 Metaspace       used 54981K, committed 56320K, reserved 1114112K
  class space    used 5914K, committed 6528K, reserved 1048576K
}
Event: 22.718 GC heap before
{Heap before GC invocations=83 (full 2):
 PSYoungGen      total 12800K, used 12416K [0x00000000d5580000, 0x00000000d6400000, 0x0000000100000000)
  eden space 10752K, 100% used [0x00000000d5580000,0x00000000d6000000,0x00000000d6000000)
  from space 2048K, 81% used [0x00000000d6200000,0x00000000d63a0000,0x00000000d6400000)
  to   space 2048K, 0% used [0x00000000d6000000,0x00000000d6000000,0x00000000d6200000)
 ParOldGen       total 157696K, used 157443K [0x0000000080000000, 0x0000000089a00000, 0x00000000d5580000)
  object space 157696K, 99% used [0x0000000080000000,0x00000000899c0d10,0x0000000089a00000)
 Metaspace       used 54988K, committed 56320K, reserved 1114112K
  class space    used 5914K, committed 6528K, reserved 1048576K
}
Event: 22.721 GC heap after
{Heap after GC invocations=83 (full 2):
 PSYoungGen      total 12800K, used 1749K [0x00000000d5580000, 0x00000000d6400000, 0x0000000100000000)
  eden space 10752K, 0% used [0x00000000d5580000,0x00000000d5580000,0x00000000d6000000)
  from space 2048K, 85% used [0x00000000d6000000,0x00000000d61b5400,0x00000000d6200000)
  to   space 2048K, 0% used [0x00000000d6200000,0x00000000d6200000,0x00000000d6400000)
 ParOldGen       total 159232K, used 158920K [0x0000000080000000, 0x0000000089b80000, 0x00000000d5580000)
  object space 159232K, 99% used [0x0000000080000000,0x0000000089b32310,0x0000000089b80000)
 Metaspace       used 54988K, committed 56320K, reserved 1114112K
  class space    used 5914K, committed 6528K, reserved 1048576K
}
Event: 22.754 GC heap before
{Heap before GC invocations=84 (full 2):
 PSYoungGen      total 12800K, used 12501K [0x00000000d5580000, 0x00000000d6400000, 0x0000000100000000)
  eden space 10752K, 100% used [0x00000000d5580000,0x00000000d6000000,0x00000000d6000000)
  from space 2048K, 85% used [0x00000000d6000000,0x00000000d61b5400,0x00000000d6200000)
  to   space 2048K, 0% used [0x00000000d6200000,0x00000000d6200000,0x00000000d6400000)
 ParOldGen       total 159232K, used 158920K [0x0000000080000000, 0x0000000089b80000, 0x00000000d5580000)
  object space 159232K, 99% used [0x0000000080000000,0x0000000089b32310,0x0000000089b80000)
 Metaspace       used 55004K, committed 56448K, reserved 1114112K
  class space    used 5918K, committed 6592K, reserved 1048576K
}
Event: 22.757 GC heap after
{Heap after GC invocations=84 (full 2):
 PSYoungGen      total 12800K, used 1821K [0x00000000d5580000, 0x00000000d6400000, 0x0000000100000000)
  eden space 10752K, 0% used [0x00000000d5580000,0x00000000d5580000,0x00000000d6000000)
  from space 2048K, 88% used [0x00000000d6200000,0x00000000d63c7708,0x00000000d6400000)
  to   space 2048K, 0% used [0x00000000d6000000,0x00000000d6000000,0x00000000d6200000)
 ParOldGen       total 160768K, used 160546K [0x0000000080000000, 0x0000000089d00000, 0x00000000d5580000)
  object space 160768K, 99% used [0x0000000080000000,0x0000000089cc8a50,0x0000000089d00000)
 Metaspace       used 55004K, committed 56448K, reserved 1114112K
  class space    used 5918K, committed 6592K, reserved 1048576K
}
Event: 22.789 GC heap before
{Heap before GC invocations=85 (full 2):
 PSYoungGen      total 12800K, used 12573K [0x00000000d5580000, 0x00000000d6400000, 0x0000000100000000)
  eden space 10752K, 100% used [0x00000000d5580000,0x00000000d6000000,0x00000000d6000000)
  from space 2048K, 88% used [0x00000000d6200000,0x00000000d63c7708,0x00000000d6400000)
  to   space 2048K, 0% used [0x00000000d6000000,0x00000000d6000000,0x00000000d6200000)
 ParOldGen       total 160768K, used 160546K [0x0000000080000000, 0x0000000089d00000, 0x00000000d5580000)
  object space 160768K, 99% used [0x0000000080000000,0x0000000089cc8a50,0x0000000089d00000)
 Metaspace       used 55014K, committed 56448K, reserved 1114112K
  class space    used 5919K, committed 6592K, reserved 1048576K
}
Event: 22.792 GC heap after
{Heap after GC invocations=85 (full 2):
 PSYoungGen      total 12800K, used 1620K [0x00000000d5580000, 0x00000000d6400000, 0x0000000100000000)
  eden space 10752K, 0% used [0x00000000d5580000,0x00000000d5580000,0x00000000d6000000)
  from space 2048K, 79% used [0x00000000d6000000,0x00000000d6195398,0x00000000d6200000)
  to   space 2048K, 0% used [0x00000000d6200000,0x00000000d6200000,0x00000000d6400000)
 ParOldGen       total 162304K, used 162227K [0x0000000080000000, 0x0000000089e80000, 0x00000000d5580000)
  object space 162304K, 99% used [0x0000000080000000,0x0000000089e6cfc0,0x0000000089e80000)
 Metaspace       used 55014K, committed 56448K, reserved 1114112K
  class space    used 5919K, committed 6592K, reserved 1048576K
}
Event: 22.896 GC heap before
{Heap before GC invocations=86 (full 2):
 PSYoungGen      total 12800K, used 12372K [0x00000000d5580000, 0x00000000d6400000, 0x0000000100000000)
  eden space 10752K, 100% used [0x00000000d5580000,0x00000000d6000000,0x00000000d6000000)
  from space 2048K, 79% used [0x00000000d6000000,0x00000000d6195398,0x00000000d6200000)
  to   space 2048K, 0% used [0x00000000d6200000,0x00000000d6200000,0x00000000d6400000)
 ParOldGen       total 162304K, used 162227K [0x0000000080000000, 0x0000000089e80000, 0x00000000d5580000)
  object space 162304K, 99% used [0x0000000080000000,0x0000000089e6cfc0,0x0000000089e80000)
 Metaspace       used 55102K, committed 56512K, reserved 1114112K
  class space    used 5932K, committed 6592K, reserved 1048576K
}
Event: 22.901 GC heap after
{Heap after GC invocations=86 (full 2):
 PSYoungGen      total 12800K, used 1658K [0x00000000d5580000, 0x00000000d6400000, 0x0000000100000000)
  eden space 10752K, 0% used [0x00000000d5580000,0x00000000d5580000,0x00000000d6000000)
  from space 2048K, 80% used [0x00000000d6200000,0x00000000d639e918,0x00000000d6400000)
  to   space 2048K, 0% used [0x00000000d6000000,0x00000000d6000000,0x00000000d6200000)
 ParOldGen       total 163840K, used 163700K [0x0000000080000000, 0x000000008a000000, 0x00000000d5580000)
  object space 163840K, 99% used [0x0000000080000000,0x0000000089fdd118,0x000000008a000000)
 Metaspace       used 55102K, committed 56512K, reserved 1114112K
  class space    used 5932K, committed 6592K, reserved 1048576K
}
Event: 22.944 GC heap before
{Heap before GC invocations=87 (full 2):
 PSYoungGen      total 12800K, used 12410K [0x00000000d5580000, 0x00000000d6400000, 0x0000000100000000)
  eden space 10752K, 100% used [0x00000000d5580000,0x00000000d6000000,0x00000000d6000000)
  from space 2048K, 80% used [0x00000000d6200000,0x00000000d639e918,0x00000000d6400000)
  to   space 2048K, 0% used [0x00000000d6000000,0x00000000d6000000,0x00000000d6200000)
 ParOldGen       total 163840K, used 163700K [0x0000000080000000, 0x000000008a000000, 0x00000000d5580000)
  object space 163840K, 99% used [0x0000000080000000,0x0000000089fdd118,0x000000008a000000)
 Metaspace       used 55216K, committed 56576K, reserved 1114112K
  class space    used 5944K, committed 6592K, reserved 1048576K
}
Event: 22.948 GC heap after
{Heap after GC invocations=87 (full 2):
 PSYoungGen      total 12800K, used 1674K [0x00000000d5580000, 0x00000000d6400000, 0x0000000100000000)
  eden space 10752K, 0% used [0x00000000d5580000,0x00000000d5580000,0x00000000d6000000)
  from space 2048K, 81% used [0x00000000d6000000,0x00000000d61a29f8,0x00000000d6200000)
  to   space 2048K, 0% used [0x00000000d6200000,0x00000000d6200000,0x00000000d6400000)
 ParOldGen       total 165376K, used 165283K [0x0000000080000000, 0x000000008a180000, 0x00000000d5580000)
  object space 165376K, 99% used [0x0000000080000000,0x000000008a168c38,0x000000008a180000)
 Metaspace       used 55216K, committed 56576K, reserved 1114112K
  class space    used 5944K, committed 6592K, reserved 1048576K
}
Event: 22.990 GC heap before
{Heap before GC invocations=88 (full 2):
 PSYoungGen      total 12800K, used 12426K [0x00000000d5580000, 0x00000000d6400000, 0x0000000100000000)
  eden space 10752K, 100% used [0x00000000d5580000,0x00000000d6000000,0x00000000d6000000)
  from space 2048K, 81% used [0x00000000d6000000,0x00000000d61a29f8,0x00000000d6200000)
  to   space 2048K, 0% used [0x00000000d6200000,0x00000000d6200000,0x00000000d6400000)
 ParOldGen       total 165376K, used 165283K [0x0000000080000000, 0x000000008a180000, 0x00000000d5580000)
  object space 165376K, 99% used [0x0000000080000000,0x000000008a168c38,0x000000008a180000)
 Metaspace       used 55245K, committed 56640K, reserved 1114112K
  class space    used 5946K, committed 6592K, reserved 1048576K
}
Event: 22.994 GC heap after
{Heap after GC invocations=88 (full 2):
 PSYoungGen      total 12800K, used 1760K [0x00000000d5580000, 0x00000000d6400000, 0x0000000100000000)
  eden space 10752K, 0% used [0x00000000d5580000,0x00000000d5580000,0x00000000d6000000)
  from space 2048K, 85% used [0x00000000d6200000,0x00000000d63b8000,0x00000000d6400000)
  to   space 2048K, 0% used [0x00000000d6000000,0x00000000d6000000,0x00000000d6200000)
 ParOldGen       total 166912K, used 166849K [0x0000000080000000, 0x000000008a300000, 0x00000000d5580000)
  object space 166912K, 99% used [0x0000000080000000,0x000000008a2f0528,0x000000008a300000)
 Metaspace       used 55245K, committed 56640K, reserved 1114112K
  class space    used 5946K, committed 6592K, reserved 1048576K
}
Event: 23.036 GC heap before
{Heap before GC invocations=89 (full 2):
 PSYoungGen      total 12800K, used 12512K [0x00000000d5580000, 0x00000000d6400000, 0x0000000100000000)
  eden space 10752K, 100% used [0x00000000d5580000,0x00000000d6000000,0x00000000d6000000)
  from space 2048K, 85% used [0x00000000d6200000,0x00000000d63b8000,0x00000000d6400000)
  to   space 2048K, 0% used [0x00000000d6000000,0x00000000d6000000,0x00000000d6200000)
 ParOldGen       total 166912K, used 166853K [0x0000000080000000, 0x000000008a300000, 0x00000000d5580000)
  object space 166912K, 99% used [0x0000000080000000,0x000000008a2f1770,0x000000008a300000)
 Metaspace       used 55307K, committed 56640K, reserved 1114112K
  class space    used 5952K, committed 6592K, reserved 1048576K
}
Event: 23.039 GC heap after
{Heap after GC invocations=89 (full 2):
 PSYoungGen      total 12800K, used 1647K [0x00000000d5580000, 0x00000000d6400000, 0x0000000100000000)
  eden space 10752K, 0% used [0x00000000d5580000,0x00000000d5580000,0x00000000d6000000)
  from space 2048K, 80% used [0x00000000d6000000,0x00000000d619bee0,0x00000000d6200000)
  to   space 2048K, 0% used [0x00000000d6200000,0x00000000d6200000,0x00000000d6400000)
 ParOldGen       total 168960K, used 168491K [0x0000000080000000, 0x000000008a500000, 0x00000000d5580000)
  object space 168960K, 99% used [0x0000000080000000,0x000000008a48ace8,0x000000008a500000)
 Metaspace       used 55307K, committed 56640K, reserved 1114112K
  class space    used 5952K, committed 6592K, reserved 1048576K
}
Event: 23.079 GC heap before
{Heap before GC invocations=90 (full 2):
 PSYoungGen      total 12800K, used 12399K [0x00000000d5580000, 0x00000000d6400000, 0x0000000100000000)
  eden space 10752K, 100% used [0x00000000d5580000,0x00000000d6000000,0x00000000d6000000)
  from space 2048K, 80% used [0x00000000d6000000,0x00000000d619bee0,0x00000000d6200000)
  to   space 2048K, 0% used [0x00000000d6200000,0x00000000d6200000,0x00000000d6400000)
 ParOldGen       total 168960K, used 168495K [0x0000000080000000, 0x000000008a500000, 0x00000000d5580000)
  object space 168960K, 99% used [0x0000000080000000,0x000000008a48bc40,0x000000008a500000)
 Metaspace       used 55392K, committed 56704K, reserved 1114112K
  class space    used 5956K, committed 6592K, reserved 1048576K
}
Event: 23.083 GC heap after
{Heap after GC invocations=90 (full 2):
 PSYoungGen      total 12288K, used 2012K [0x00000000d5580000, 0x00000000d6500000, 0x0000000100000000)
  eden space 10240K, 0% used [0x00000000d5580000,0x00000000d5580000,0x00000000d5f80000)
  from space 2048K, 98% used [0x00000000d6200000,0x00000000d63f73d0,0x00000000d6400000)
  to   space 2560K, 0% used [0x00000000d5f80000,0x00000000d5f80000,0x00000000d6200000)
 ParOldGen       total 170496K, used 170008K [0x0000000080000000, 0x000000008a680000, 0x00000000d5580000)
  object space 170496K, 99% used [0x0000000080000000,0x000000008a6062f0,0x000000008a680000)
 Metaspace       used 55392K, committed 56704K, reserved 1114112K
  class space    used 5956K, committed 6592K, reserved 1048576K
}

