# JRE version: OpenJDK Runtime Environment Temurin-21.0.9+10 (21.0.9+10) (build 21.0.9+10-LTS)
# Java VM: OpenJDK 64-Bit Server VM Temurin-21.0.9+10 (21.0.9+10-LTS, mixed mode, sharing, tiered, compressed oops, compressed class ptrs, parallel gc, windows-amd64)
GC Precious Log:
 CardTable entry size: 512
 CPUs: 8 total, 8 available
 Memory: 16126M
 Large Page Support: Disabled
 NUMA Support: Disabled
 Compressed Oops: Enabled (32-bit)
 Alignments: Space 512K, Generation 512K, Heap 2M
 Heap Min Capacity: 100M
 Heap Initial Capacity: 100M
 Heap Max Capacity: 2G
 Pre-touch: Disabled
 Parallel Workers: 8
Heap:
 PSYoungGen      total 15872K, used 12585K [0x00000000d5580000, 0x00000000d6c00000, 0x0000000100000000)
  eden space 14848K, 77% used [0x00000000d5580000,0x00000000d60cb3c0,0x00000000d6400000)
  from space 1024K, 99% used [0x00000000d6400000,0x00000000d64ff340,0x00000000d6500000)
  to   space 4096K, 0% used [0x00000000d6800000,0x00000000d6800000,0x00000000d6c00000)
 ParOldGen       total 458240K, used 457780K [0x0000000080000000, 0x000000009bf80000, 0x00000000d5580000)
  object space 458240K, 99% used [0x0000000080000000,0x000000009bf0d060,0x000000009bf80000)
 Metaspace       used 74894K, committed 76608K, reserved 1179648K
  class space    used 7862K, committed 8576K, reserved 1048576K
GC Heap History (20 events):
Event: 30.673 GC heap before
{Heap before GC invocations=1081 (full 3):
 PSYoungGen      total 15872K, used 15869K [0x00000000d5580000, 0x00000000d6a80000, 0x0000000100000000)
  eden space 15360K, 100% used [0x00000000d5580000,0x00000000d6480000,0x00000000d6480000)
  from space 512K, 99% used [0x00000000d6480000,0x00000000d64ff408,0x00000000d6500000)
  to   space 3072K, 0% used [0x00000000d6780000,0x00000000d6780000,0x00000000d6a80000)
 ParOldGen       total 449536K, used 449183K [0x0000000080000000, 0x000000009b700000, 0x00000000d5580000)
  object space 449536K, 99% used [0x0000000080000000,0x000000009b6a7c20,0x000000009b700000)
 Metaspace       used 68268K, committed 70016K, reserved 1114112K
  class space    used 7123K, committed 7872K, reserved 1048576K
}
Event: 30.677 GC heap after
{Heap after GC invocations=1081 (full 3):
 PSYoungGen      total 17408K, used 1547K [0x00000000d5580000, 0x00000000d6980000, 0x0000000100000000)
  eden space 15360K, 0% used [0x00000000d5580000,0x00000000d5580000,0x00000000d6480000)
  from space 2048K, 75% used [0x00000000d6780000,0x00000000d6902d78,0x00000000d6980000)
  to   space 2048K, 0% used [0x00000000d6580000,0x00000000d6580000,0x00000000d6780000)
 ParOldGen       total 450048K, used 449736K [0x0000000080000000, 0x000000009b780000, 0x00000000d5580000)
  object space 450048K, 99% used [0x0000000080000000,0x000000009b7321a0,0x000000009b780000)
 Metaspace       used 68268K, committed 70016K, reserved 1114112K
  class space    used 7123K, committed 7872K, reserved 1048576K
}
Event: 30.768 GC heap before
{Heap before GC invocations=1082 (full 3):
 PSYoungGen      total 17408K, used 16907K [0x00000000d5580000, 0x00000000d6980000, 0x0000000100000000)
  eden space 15360K, 100% used [0x00000000d5580000,0x00000000d6480000,0x00000000d6480000)
  from space 2048K, 75% used [0x00000000d6780000,0x00000000d6902d78,0x00000000d6980000)
  to   space 2048K, 0% used [0x00000000d6580000,0x00000000d6580000,0x00000000d6780000)
 ParOldGen       total 450048K, used 449736K [0x0000000080000000, 0x000000009b780000, 0x00000000d5580000)
  object space 450048K, 99% used [0x0000000080000000,0x000000009b7321a0,0x000000009b780000)
 Metaspace       used 68301K, committed 70016K, reserved 1114112K
  class space    used 7123K, committed 7872K, reserved 1048576K
}
Event: 30.771 GC heap after
{Heap after GC invocations=1082 (full 3):
 PSYoungGen      total 16896K, used 1373K [0x00000000d5580000, 0x00000000d6800000, 0x0000000100000000)
  eden space 15360K, 0% used [0x00000000d5580000,0x00000000d5580000,0x00000000d6480000)
  from space 1536K, 89% used [0x00000000d6580000,0x00000000d66d74c0,0x00000000d6700000)
  to   space 1024K, 0% used [0x00000000d6700000,0x00000000d6700000,0x00000000d6800000)
 ParOldGen       total 451072K, used 450859K [0x0000000080000000, 0x000000009b880000, 0x00000000d5580000)
  object space 451072K, 99% used [0x0000000080000000,0x000000009b84af80,0x000000009b880000)
 Metaspace       used 68301K, committed 70016K, reserved 1114112K
  class space    used 7123K, committed 7872K, reserved 1048576K
}
Event: 30.845 GC heap before
{Heap before GC invocations=1083 (full 3):
 PSYoungGen      total 16896K, used 16733K [0x00000000d5580000, 0x00000000d6800000, 0x0000000100000000)
  eden space 15360K, 100% used [0x00000000d5580000,0x00000000d6480000,0x00000000d6480000)
  from space 1536K, 89% used [0x00000000d6580000,0x00000000d66d74c0,0x00000000d6700000)
  to   space 1024K, 0% used [0x00000000d6700000,0x00000000d6700000,0x00000000d6800000)
 ParOldGen       total 451072K, used 450859K [0x0000000080000000, 0x000000009b880000, 0x00000000d5580000)
  object space 451072K, 99% used [0x0000000080000000,0x000000009b84af80,0x000000009b880000)
 Metaspace       used 68751K, committed 70464K, reserved 1114112K
  class space    used 7156K, committed 7872K, reserved 1048576K
}
Event: 30.850 GC heap after
{Heap after GC invocations=1083 (full 3):
 PSYoungGen      total 16384K, used 532K [0x00000000d5580000, 0x00000000d6800000, 0x0000000100000000)
  eden space 15360K, 0% used [0x00000000d5580000,0x00000000d5580000,0x00000000d6480000)
  from space 1024K, 51% used [0x00000000d6700000,0x00000000d6785018,0x00000000d6800000)
  to   space 1024K, 0% used [0x00000000d6600000,0x00000000d6600000,0x00000000d6700000)
 ParOldGen       total 452096K, used 451619K [0x0000000080000000, 0x000000009b980000, 0x00000000d5580000)
  object space 452096K, 99% used [0x0000000080000000,0x000000009b908f80,0x000000009b980000)
 Metaspace       used 68751K, committed 70464K, reserved 1114112K
  class space    used 7156K, committed 7872K, reserved 1048576K
}
Event: 31.098 GC heap before
{Heap before GC invocations=1084 (full 3):
 PSYoungGen      total 16384K, used 15892K [0x00000000d5580000, 0x00000000d6800000, 0x0000000100000000)
  eden space 15360K, 100% used [0x00000000d5580000,0x00000000d6480000,0x00000000d6480000)
  from space 1024K, 51% used [0x00000000d6700000,0x00000000d6785018,0x00000000d6800000)
  to   space 1024K, 0% used [0x00000000d6600000,0x00000000d6600000,0x00000000d6700000)
 ParOldGen       total 452096K, used 451619K [0x0000000080000000, 0x000000009b980000, 0x00000000d5580000)
  object space 452096K, 99% used [0x0000000080000000,0x000000009b908f80,0x000000009b980000)
 Metaspace       used 70173K, committed 71872K, reserved 1114112K
  class space    used 7273K, committed 8000K, reserved 1048576K
}
Event: 31.103 GC heap after
{Heap after GC invocations=1084 (full 3):
 PSYoungGen      total 16384K, used 800K [0x00000000d5580000, 0x00000000d6780000, 0x0000000100000000)
  eden space 15360K, 0% used [0x00000000d5580000,0x00000000d5580000,0x00000000d6480000)
  from space 1024K, 78% used [0x00000000d6600000,0x00000000d66c8020,0x00000000d6700000)
  to   space 512K, 0% used [0x00000000d6700000,0x00000000d6700000,0x00000000d6780000)
 ParOldGen       total 452096K, used 451899K [0x0000000080000000, 0x000000009b980000, 0x00000000d5580000)
  object space 452096K, 99% used [0x0000000080000000,0x000000009b94ef80,0x000000009b980000)
 Metaspace       used 70173K, committed 71872K, reserved 1114112K
  class space    used 7273K, committed 8000K, reserved 1048576K
}
Event: 31.465 GC heap before
{Heap before GC invocations=1085 (full 3):
 PSYoungGen      total 16384K, used 16160K [0x00000000d5580000, 0x00000000d6780000, 0x0000000100000000)
  eden space 15360K, 100% used [0x00000000d5580000,0x00000000d6480000,0x00000000d6480000)
  from space 1024K, 78% used [0x00000000d6600000,0x00000000d66c8020,0x00000000d6700000)
  to   space 512K, 0% used [0x00000000d6700000,0x00000000d6700000,0x00000000d6780000)
 ParOldGen       total 452096K, used 451899K [0x0000000080000000, 0x000000009b980000, 0x00000000d5580000)
  object space 452096K, 99% used [0x0000000080000000,0x000000009b94ef80,0x000000009b980000)
 Metaspace       used 71267K, committed 72896K, reserved 1179648K
  class space    used 7379K, committed 8128K, reserved 1048576K
}
Event: 31.470 GC heap after
{Heap after GC invocations=1085 (full 3):
 PSYoungGen      total 15360K, used 512K [0x00000000d5580000, 0x00000000d6a80000, 0x0000000100000000)
  eden space 14848K, 0% used [0x00000000d5580000,0x00000000d5580000,0x00000000d6400000)
  from space 512K, 100% used [0x00000000d6700000,0x00000000d6780000,0x00000000d6780000)
  to   space 3072K, 0% used [0x00000000d6400000,0x00000000d6400000,0x00000000d6700000)
 ParOldGen       total 454144K, used 453939K [0x0000000080000000, 0x000000009bb80000, 0x00000000d5580000)
  object space 454144K, 99% used [0x0000000080000000,0x000000009bb4ceb8,0x000000009bb80000)
 Metaspace       used 71267K, committed 72896K, reserved 1179648K
  class space    used 7379K, committed 8128K, reserved 1048576K
}
Event: 31.703 GC heap before
{Heap before GC invocations=1086 (full 3):
 PSYoungGen      total 15360K, used 15360K [0x00000000d5580000, 0x00000000d6a80000, 0x0000000100000000)
  eden space 14848K, 100% used [0x00000000d5580000,0x00000000d6400000,0x00000000d6400000)
  from space 512K, 100% used [0x00000000d6700000,0x00000000d6780000,0x00000000d6780000)
  to   space 3072K, 0% used [0x00000000d6400000,0x00000000d6400000,0x00000000d6700000)
 ParOldGen       total 454144K, used 453939K [0x0000000080000000, 0x000000009bb80000, 0x00000000d5580000)
  object space 454144K, 99% used [0x0000000080000000,0x000000009bb4ceb8,0x000000009bb80000)
 Metaspace       used 71663K, committed 73344K, reserved 1179648K
  class space    used 7412K, committed 8128K, reserved 1048576K
}
Event: 31.705 GC heap after
{Heap after GC invocations=1086 (full 3):
 PSYoungGen      total 15872K, used 903K [0x00000000d5580000, 0x00000000d6780000, 0x0000000100000000)
  eden space 14848K, 0% used [0x00000000d5580000,0x00000000d5580000,0x00000000d6400000)
  from space 1024K, 88% used [0x00000000d6400000,0x00000000d64e1f68,0x00000000d6500000)
  to   space 1536K, 0% used [0x00000000d6600000,0x00000000d6600000,0x00000000d6780000)
 ParOldGen       total 454656K, used 454440K [0x0000000080000000, 0x000000009bc00000, 0x00000000d5580000)
  object space 454656K, 99% used [0x0000000080000000,0x000000009bbca228,0x000000009bc00000)
 Metaspace       used 71663K, committed 73344K, reserved 1179648K
  class space    used 7412K, committed 8128K, reserved 1048576K
}
Event: 31.762 GC heap before
{Heap before GC invocations=1087 (full 3):
 PSYoungGen      total 15872K, used 15721K [0x00000000d5580000, 0x00000000d6780000, 0x0000000100000000)
  eden space 14848K, 99% used [0x00000000d5580000,0x00000000d63f86c8,0x00000000d6400000)
  from space 1024K, 88% used [0x00000000d6400000,0x00000000d64e1f68,0x00000000d6500000)
  to   space 1536K, 0% used [0x00000000d6600000,0x00000000d6600000,0x00000000d6780000)
 ParOldGen       total 454656K, used 454440K [0x0000000080000000, 0x000000009bc00000, 0x00000000d5580000)
  object space 454656K, 99% used [0x0000000080000000,0x000000009bbca228,0x000000009bc00000)
 Metaspace       used 71745K, committed 73472K, reserved 1179648K
  class space    used 7427K, committed 8192K, reserved 1048576K
}
Event: 31.766 GC heap after
{Heap after GC invocations=1087 (full 3):
 PSYoungGen      total 15360K, used 256K [0x00000000d5580000, 0x00000000d6680000, 0x0000000100000000)
  eden space 14848K, 0% used [0x00000000d5580000,0x00000000d5580000,0x00000000d6400000)
  from space 512K, 50% used [0x00000000d6600000,0x00000000d6640000,0x00000000d6680000)
  to   space 1024K, 0% used [0x00000000d6480000,0x00000000d6480000,0x00000000d6580000)
 ParOldGen       total 455168K, used 455124K [0x0000000080000000, 0x000000009bc80000, 0x00000000d5580000)
  object space 455168K, 99% used [0x0000000080000000,0x000000009bc751b0,0x000000009bc80000)
 Metaspace       used 71745K, committed 73472K, reserved 1179648K
  class space    used 7427K, committed 8192K, reserved 1048576K
}
Event: 32.370 GC heap before
{Heap before GC invocations=1088 (full 3):
 PSYoungGen      total 15360K, used 15017K [0x00000000d5580000, 0x00000000d6680000, 0x0000000100000000)
  eden space 14848K, 99% used [0x00000000d5580000,0x00000000d63ea630,0x00000000d6400000)
  from space 512K, 50% used [0x00000000d6600000,0x00000000d6640000,0x00000000d6680000)
  to   space 1024K, 0% used [0x00000000d6480000,0x00000000d6480000,0x00000000d6580000)
 ParOldGen       total 455168K, used 455124K [0x0000000080000000, 0x000000009bc80000, 0x00000000d5580000)
  object space 455168K, 99% used [0x0000000080000000,0x000000009bc751b0,0x000000009bc80000)
 Metaspace       used 73020K, committed 74688K, reserved 1179648K
  class space    used 7580K, committed 8320K, reserved 1048576K
}
Event: 32.371 GC heap after
{Heap after GC invocations=1088 (full 3):
 PSYoungGen      total 15872K, used 720K [0x00000000d5580000, 0x00000000d6680000, 0x0000000100000000)
  eden space 14848K, 0% used [0x00000000d5580000,0x00000000d5580000,0x00000000d6400000)
  from space 1024K, 70% used [0x00000000d6480000,0x00000000d65341f0,0x00000000d6580000)
  to   space 1024K, 0% used [0x00000000d6580000,0x00000000d6580000,0x00000000d6680000)
 ParOldGen       total 455680K, used 455212K [0x0000000080000000, 0x000000009bd00000, 0x00000000d5580000)
  object space 455680K, 99% used [0x0000000080000000,0x000000009bc8b1b0,0x000000009bd00000)
 Metaspace       used 73020K, committed 74688K, reserved 1179648K
  class space    used 7580K, committed 8320K, reserved 1048576K
}
Event: 32.624 GC heap before
{Heap before GC invocations=1089 (full 3):
 PSYoungGen      total 15872K, used 15568K [0x00000000d5580000, 0x00000000d6680000, 0x0000000100000000)
  eden space 14848K, 100% used [0x00000000d5580000,0x00000000d6400000,0x00000000d6400000)
  from space 1024K, 70% used [0x00000000d6480000,0x00000000d65341f0,0x00000000d6580000)
  to   space 1024K, 0% used [0x00000000d6580000,0x00000000d6580000,0x00000000d6680000)
 ParOldGen       total 455680K, used 455212K [0x0000000080000000, 0x000000009bd00000, 0x00000000d5580000)
  object space 455680K, 99% used [0x0000000080000000,0x000000009bc8b1b0,0x000000009bd00000)
 Metaspace       used 74712K, committed 76416K, reserved 1179648K
  class space    used 7834K, committed 8576K, reserved 1048576K
}
Event: 32.626 GC heap after
{Heap after GC invocations=1089 (full 3):
 PSYoungGen      total 15360K, used 480K [0x00000000d5580000, 0x00000000d6600000, 0x0000000100000000)
  eden space 14848K, 0% used [0x00000000d5580000,0x00000000d5580000,0x00000000d6400000)
  from space 512K, 93% used [0x00000000d6580000,0x00000000d65f8020,0x00000000d6600000)
  to   space 1024K, 0% used [0x00000000d6400000,0x00000000d6400000,0x00000000d6500000)
 ParOldGen       total 455680K, used 455595K [0x0000000080000000, 0x000000009bd00000, 0x00000000d5580000)
  object space 455680K, 99% used [0x0000000080000000,0x000000009bcead90,0x000000009bd00000)
 Metaspace       used 74712K, committed 76416K, reserved 1179648K
  class space    used 7834K, committed 8576K, reserved 1048576K
}
Event: 37.151 GC heap before
{Heap before GC invocations=1090 (full 3):
 PSYoungGen      total 15360K, used 15328K [0x00000000d5580000, 0x00000000d6600000, 0x0000000100000000)
  eden space 14848K, 99% used [0x00000000d5580000,0x00000000d63ffff0,0x00000000d6400000)
  from space 512K, 93% used [0x00000000d6580000,0x00000000d65f8020,0x00000000d6600000)
  to   space 1024K, 0% used [0x00000000d6400000,0x00000000d6400000,0x00000000d6500000)
 ParOldGen       total 455680K, used 455595K [0x0000000080000000, 0x000000009bd00000, 0x00000000d5580000)
  object space 455680K, 99% used [0x0000000080000000,0x000000009bcead90,0x000000009bd00000)
 Metaspace       used 74778K, committed 76544K, reserved 1179648K
  class space    used 7847K, committed 8576K, reserved 1048576K
}
Event: 37.155 GC heap after
{Heap after GC invocations=1090 (full 3):
 PSYoungGen      total 15872K, used 1020K [0x00000000d5580000, 0x00000000d6c00000, 0x0000000100000000)
  eden space 14848K, 0% used [0x00000000d5580000,0x00000000d5580000,0x00000000d6400000)
  from space 1024K, 99% used [0x00000000d6400000,0x00000000d64ff340,0x00000000d6500000)
  to   space 4096K, 0% used [0x00000000d6800000,0x00000000d6800000,0x00000000d6c00000)
 ParOldGen       total 458240K, used 457780K [0x0000000080000000, 0x000000009bf80000, 0x00000000d5580000)
  object space 458240K, 99% used [0x0000000080000000,0x000000009bf0d060,0x000000009bf80000)
 Metaspace       used 74778K, committed 76544K, reserved 1179648K
  class space    used 7847K, committed 8576K, reserved 1048576K
}

