# JRE version: OpenJDK Runtime Environment Temurin-21.0.9+10 (21.0.9+10) (build 21.0.9+10-LTS)
# Java VM: OpenJDK 64-Bit Server VM Temurin-21.0.9+10 (21.0.9+10-LTS, mixed mode, sharing, tiered, compressed oops, compressed class ptrs, parallel gc, windows-amd64)
GC Precious Log:
 CardTable entry size: 512
 CPUs: 8 total, 8 available
 Memory: 16126M
 Large Page Support: Disabled
 NUMA Support: Disabled
 Compressed Oops: Enabled (32-bit)
 Alignments: Space 512K, Generation 512K, Heap 2M
 Heap Min Capacity: 100M
 Heap Initial Capacity: 100M
 Heap Max Capacity: 2G
 Pre-touch: Disabled
 Parallel Workers: 8
Heap:
 PSYoungGen      total 7680K, used 7648K [0x00000000d5580000, 0x00000000d6280000, 0x0000000100000000)
  eden space 6144K, 100% used [0x00000000d5580000,0x00000000d5b80000,0x00000000d5b80000)
  from space 1536K, 97% used [0x00000000d5b80000,0x00000000d5cf8010,0x00000000d5d00000)
  to   space 3584K, 0% used [0x00000000d5f00000,0x00000000d5f00000,0x00000000d6280000)
 ParOldGen       total 107520K, used 107366K [0x0000000080000000, 0x0000000086900000, 0x00000000d5580000)
  object space 107520K, 99% used [0x0000000080000000,0x00000000868d9b98,0x0000000086900000)
 Metaspace       used 70773K, committed 72256K, reserved 1114112K
  class space    used 7481K, committed 8128K, reserved 1048576K
GC Heap History (20 events):
Event: 61.370 GC heap before
{Heap before GC invocations=116 (full 3):
 PSYoungGen      total 8192K, used 7856K [0x00000000d5580000, 0x00000000d5f80000, 0x0000000100000000)
  eden space 6656K, 100% used [0x00000000d5580000,0x00000000d5c00000,0x00000000d5c00000)
  from space 1536K, 78% used [0x00000000d5e00000,0x00000000d5f2c070,0x00000000d5f80000)
  to   space 1536K, 0% used [0x00000000d5c80000,0x00000000d5c80000,0x00000000d5e00000)
 ParOldGen       total 94208K, used 93937K [0x0000000080000000, 0x0000000085c00000, 0x00000000d5580000)
  object space 94208K, 99% used [0x0000000080000000,0x0000000085bbc5a8,0x0000000085c00000)
 Metaspace       used 69974K, committed 71360K, reserved 1114112K
  class space    used 7457K, committed 8064K, reserved 1048576K
}
Event: 61.373 GC heap after
{Heap after GC invocations=116 (full 3):
 PSYoungGen      total 8192K, used 1504K [0x00000000d5580000, 0x00000000d6400000, 0x0000000100000000)
  eden space 6656K, 0% used [0x00000000d5580000,0x00000000d5580000,0x00000000d5c00000)
  from space 1536K, 97% used [0x00000000d5c80000,0x00000000d5df8010,0x00000000d5e00000)
  to   space 4096K, 0% used [0x00000000d6000000,0x00000000d6000000,0x00000000d6400000)
 ParOldGen       total 96256K, used 95757K [0x0000000080000000, 0x0000000085e00000, 0x00000000d5580000)
  object space 96256K, 99% used [0x0000000080000000,0x0000000085d835f8,0x0000000085e00000)
 Metaspace       used 69974K, committed 71360K, reserved 1114112K
  class space    used 7457K, committed 8064K, reserved 1048576K
}
Event: 61.410 GC heap before
{Heap before GC invocations=117 (full 3):
 PSYoungGen      total 8192K, used 8160K [0x00000000d5580000, 0x00000000d6400000, 0x0000000100000000)
  eden space 6656K, 100% used [0x00000000d5580000,0x00000000d5c00000,0x00000000d5c00000)
  from space 1536K, 97% used [0x00000000d5c80000,0x00000000d5df8010,0x00000000d5e00000)
  to   space 4096K, 0% used [0x00000000d6000000,0x00000000d6000000,0x00000000d6400000)
 ParOldGen       total 96256K, used 95757K [0x0000000080000000, 0x0000000085e00000, 0x00000000d5580000)
  object space 96256K, 99% used [0x0000000080000000,0x0000000085d835f8,0x0000000085e00000)
 Metaspace       used 70074K, committed 71424K, reserved 1114112K
  class space    used 7467K, committed 8064K, reserved 1048576K
}
Event: 61.416 GC heap after
{Heap after GC invocations=117 (full 3):
 PSYoungGen      total 8704K, used 1574K [0x00000000d5580000, 0x00000000d6200000, 0x0000000100000000)
  eden space 6656K, 0% used [0x00000000d5580000,0x00000000d5580000,0x00000000d5c00000)
  from space 2048K, 76% used [0x00000000d6000000,0x00000000d6189868,0x00000000d6200000)
  to   space 2560K, 0% used [0x00000000d5d00000,0x00000000d5d00000,0x00000000d5f80000)
 ParOldGen       total 97792K, used 97293K [0x0000000080000000, 0x0000000085f80000, 0x00000000d5580000)
  object space 97792K, 99% used [0x0000000080000000,0x0000000085f03608,0x0000000085f80000)
 Metaspace       used 70074K, committed 71424K, reserved 1114112K
  class space    used 7467K, committed 8064K, reserved 1048576K
}
Event: 61.465 GC heap before
{Heap before GC invocations=118 (full 3):
 PSYoungGen      total 8704K, used 8230K [0x00000000d5580000, 0x00000000d6200000, 0x0000000100000000)
  eden space 6656K, 100% used [0x00000000d5580000,0x00000000d5c00000,0x00000000d5c00000)
  from space 2048K, 76% used [0x00000000d6000000,0x00000000d6189868,0x00000000d6200000)
  to   space 2560K, 0% used [0x00000000d5d00000,0x00000000d5d00000,0x00000000d5f80000)
 ParOldGen       total 97792K, used 97293K [0x0000000080000000, 0x0000000085f80000, 0x00000000d5580000)
  object space 97792K, 99% used [0x0000000080000000,0x0000000085f03608,0x0000000085f80000)
 Metaspace       used 70131K, committed 71552K, reserved 1114112K
  class space    used 7470K, committed 8128K, reserved 1048576K
}
Event: 61.470 GC heap after
{Heap after GC invocations=118 (full 3):
 PSYoungGen      total 8704K, used 1712K [0x00000000d5580000, 0x00000000d6080000, 0x0000000100000000)
  eden space 6656K, 0% used [0x00000000d5580000,0x00000000d5580000,0x00000000d5c00000)
  from space 2048K, 83% used [0x00000000d5d00000,0x00000000d5eac010,0x00000000d5f00000)
  to   space 1536K, 0% used [0x00000000d5f00000,0x00000000d5f00000,0x00000000d6080000)
 ParOldGen       total 98304K, used 98177K [0x0000000080000000, 0x0000000086000000, 0x00000000d5580000)
  object space 98304K, 99% used [0x0000000080000000,0x0000000085fe0438,0x0000000086000000)
 Metaspace       used 70131K, committed 71552K, reserved 1114112K
  class space    used 7470K, committed 8128K, reserved 1048576K
}
Event: 61.516 GC heap before
{Heap before GC invocations=119 (full 3):
 PSYoungGen      total 8704K, used 8368K [0x00000000d5580000, 0x00000000d6080000, 0x0000000100000000)
  eden space 6656K, 100% used [0x00000000d5580000,0x00000000d5c00000,0x00000000d5c00000)
  from space 2048K, 83% used [0x00000000d5d00000,0x00000000d5eac010,0x00000000d5f00000)
  to   space 1536K, 0% used [0x00000000d5f00000,0x00000000d5f00000,0x00000000d6080000)
 ParOldGen       total 98304K, used 98177K [0x0000000080000000, 0x0000000086000000, 0x00000000d5580000)
  object space 98304K, 99% used [0x0000000080000000,0x0000000085fe0438,0x0000000086000000)
 Metaspace       used 70205K, committed 71680K, reserved 1114112K
  class space    used 7470K, committed 8128K, reserved 1048576K
}
Event: 61.518 GC heap after
{Heap after GC invocations=119 (full 3):
 PSYoungGen      total 7680K, used 1504K [0x00000000d5580000, 0x00000000d6300000, 0x0000000100000000)
  eden space 6144K, 0% used [0x00000000d5580000,0x00000000d5580000,0x00000000d5b80000)
  from space 1536K, 97% used [0x00000000d5f00000,0x00000000d6078010,0x00000000d6080000)
  to   space 3584K, 0% used [0x00000000d5b80000,0x00000000d5b80000,0x00000000d5f00000)
 ParOldGen       total 99840K, used 99785K [0x0000000080000000, 0x0000000086180000, 0x00000000d5580000)
  object space 99840K, 99% used [0x0000000080000000,0x0000000086172458,0x0000000086180000)
 Metaspace       used 70205K, committed 71680K, reserved 1114112K
  class space    used 7470K, committed 8128K, reserved 1048576K
}
Event: 61.540 GC heap before
{Heap before GC invocations=120 (full 3):
 PSYoungGen      total 7680K, used 7648K [0x00000000d5580000, 0x00000000d6300000, 0x0000000100000000)
  eden space 6144K, 100% used [0x00000000d5580000,0x00000000d5b80000,0x00000000d5b80000)
  from space 1536K, 97% used [0x00000000d5f00000,0x00000000d6078010,0x00000000d6080000)
  to   space 3584K, 0% used [0x00000000d5b80000,0x00000000d5b80000,0x00000000d5f00000)
 ParOldGen       total 99840K, used 99785K [0x0000000080000000, 0x0000000086180000, 0x00000000d5580000)
  object space 99840K, 99% used [0x0000000080000000,0x0000000086172458,0x0000000086180000)
 Metaspace       used 70326K, committed 71808K, reserved 1114112K
  class space    used 7475K, committed 8128K, reserved 1048576K
}
Event: 61.543 GC heap after
{Heap after GC invocations=120 (full 3):
 PSYoungGen      total 7168K, used 560K [0x00000000d5580000, 0x00000000d5f80000, 0x0000000100000000)
  eden space 6144K, 0% used [0x00000000d5580000,0x00000000d5580000,0x00000000d5b80000)
  from space 1024K, 54% used [0x00000000d5b80000,0x00000000d5c0c010,0x00000000d5c80000)
  to   space 1536K, 0% used [0x00000000d5e00000,0x00000000d5e00000,0x00000000d5f80000)
 ParOldGen       total 101376K, used 101304K [0x0000000080000000, 0x0000000086300000, 0x00000000d5580000)
  object space 101376K, 99% used [0x0000000080000000,0x00000000862ee1f0,0x0000000086300000)
 Metaspace       used 70326K, committed 71808K, reserved 1114112K
  class space    used 7475K, committed 8128K, reserved 1048576K
}
Event: 61.601 GC heap before
{Heap before GC invocations=121 (full 3):
 PSYoungGen      total 7168K, used 6704K [0x00000000d5580000, 0x00000000d5f80000, 0x0000000100000000)
  eden space 6144K, 100% used [0x00000000d5580000,0x00000000d5b80000,0x00000000d5b80000)
  from space 1024K, 54% used [0x00000000d5b80000,0x00000000d5c0c010,0x00000000d5c80000)
  to   space 1536K, 0% used [0x00000000d5e00000,0x00000000d5e00000,0x00000000d5f80000)
 ParOldGen       total 101376K, used 101304K [0x0000000080000000, 0x0000000086300000, 0x00000000d5580000)
  object space 101376K, 99% used [0x0000000080000000,0x00000000862ee1f0,0x0000000086300000)
 Metaspace       used 70464K, committed 71936K, reserved 1114112K
  class space    used 7477K, committed 8128K, reserved 1048576K
}
Event: 61.603 GC heap after
{Heap after GC invocations=121 (full 3):
 PSYoungGen      total 7680K, used 1376K [0x00000000d5580000, 0x00000000d5f80000, 0x0000000100000000)
  eden space 6144K, 0% used [0x00000000d5580000,0x00000000d5580000,0x00000000d5b80000)
  from space 1536K, 89% used [0x00000000d5e00000,0x00000000d5f58000,0x00000000d5f80000)
  to   space 2048K, 0% used [0x00000000d5b80000,0x00000000d5b80000,0x00000000d5d80000)
 ParOldGen       total 101888K, used 101696K [0x0000000080000000, 0x0000000086380000, 0x00000000d5580000)
  object space 101888K, 99% used [0x0000000080000000,0x0000000086350230,0x0000000086380000)
 Metaspace       used 70464K, committed 71936K, reserved 1114112K
  class space    used 7477K, committed 8128K, reserved 1048576K
}
Event: 61.630 GC heap before
{Heap before GC invocations=122 (full 3):
 PSYoungGen      total 7680K, used 7520K [0x00000000d5580000, 0x00000000d5f80000, 0x0000000100000000)
  eden space 6144K, 100% used [0x00000000d5580000,0x00000000d5b80000,0x00000000d5b80000)
  from space 1536K, 89% used [0x00000000d5e00000,0x00000000d5f58000,0x00000000d5f80000)
  to   space 2048K, 0% used [0x00000000d5b80000,0x00000000d5b80000,0x00000000d5d80000)
 ParOldGen       total 101888K, used 101696K [0x0000000080000000, 0x0000000086380000, 0x00000000d5580000)
  object space 101888K, 99% used [0x0000000080000000,0x0000000086350230,0x0000000086380000)
 Metaspace       used 70492K, committed 71936K, reserved 1114112K
  class space    used 7477K, committed 8128K, reserved 1048576K
}
Event: 61.633 GC heap after
{Heap after GC invocations=122 (full 3):
 PSYoungGen      total 8192K, used 1888K [0x00000000d5580000, 0x00000000d5f80000, 0x0000000100000000)
  eden space 6144K, 0% used [0x00000000d5580000,0x00000000d5580000,0x00000000d5b80000)
  from space 2048K, 92% used [0x00000000d5b80000,0x00000000d5d58010,0x00000000d5d80000)
  to   space 2048K, 0% used [0x00000000d5d80000,0x00000000d5d80000,0x00000000d5f80000)
 ParOldGen       total 102912K, used 102883K [0x0000000080000000, 0x0000000086480000, 0x00000000d5580000)
  object space 102912K, 99% used [0x0000000080000000,0x0000000086478e50,0x0000000086480000)
 Metaspace       used 70492K, committed 71936K, reserved 1114112K
  class space    used 7477K, committed 8128K, reserved 1048576K
}
Event: 61.655 GC heap before
{Heap before GC invocations=123 (full 3):
 PSYoungGen      total 8192K, used 8032K [0x00000000d5580000, 0x00000000d5f80000, 0x0000000100000000)
  eden space 6144K, 100% used [0x00000000d5580000,0x00000000d5b80000,0x00000000d5b80000)
  from space 2048K, 92% used [0x00000000d5b80000,0x00000000d5d58010,0x00000000d5d80000)
  to   space 2048K, 0% used [0x00000000d5d80000,0x00000000d5d80000,0x00000000d5f80000)
 ParOldGen       total 102912K, used 102883K [0x0000000080000000, 0x0000000086480000, 0x00000000d5580000)
  object space 102912K, 99% used [0x0000000080000000,0x0000000086478e50,0x0000000086480000)
 Metaspace       used 70532K, committed 72000K, reserved 1114112K
  class space    used 7478K, committed 8128K, reserved 1048576K
}
Event: 61.658 GC heap after
{Heap after GC invocations=123 (full 3):
 PSYoungGen      total 7168K, used 768K [0x00000000d5580000, 0x00000000d5e80000, 0x0000000100000000)
  eden space 6144K, 0% used [0x00000000d5580000,0x00000000d5580000,0x00000000d5b80000)
  from space 1024K, 75% used [0x00000000d5d80000,0x00000000d5e40020,0x00000000d5e80000)
  to   space 1536K, 0% used [0x00000000d5b80000,0x00000000d5b80000,0x00000000d5d00000)
 ParOldGen       total 104960K, used 104675K [0x0000000080000000, 0x0000000086680000, 0x00000000d5580000)
  object space 104960K, 99% used [0x0000000080000000,0x0000000086638e60,0x0000000086680000)
 Metaspace       used 70532K, committed 72000K, reserved 1114112K
  class space    used 7478K, committed 8128K, reserved 1048576K
}
Event: 61.692 GC heap before
{Heap before GC invocations=124 (full 3):
 PSYoungGen      total 7168K, used 6912K [0x00000000d5580000, 0x00000000d5e80000, 0x0000000100000000)
  eden space 6144K, 100% used [0x00000000d5580000,0x00000000d5b80000,0x00000000d5b80000)
  from space 1024K, 75% used [0x00000000d5d80000,0x00000000d5e40020,0x00000000d5e80000)
  to   space 1536K, 0% used [0x00000000d5b80000,0x00000000d5b80000,0x00000000d5d00000)
 ParOldGen       total 104960K, used 104675K [0x0000000080000000, 0x0000000086680000, 0x00000000d5580000)
  object space 104960K, 99% used [0x0000000080000000,0x0000000086638e60,0x0000000086680000)
 Metaspace       used 70596K, committed 72064K, reserved 1114112K
  class space    used 7478K, committed 8128K, reserved 1048576K
}
Event: 61.694 GC heap after
{Heap after GC invocations=124 (full 3):
 PSYoungGen      total 7680K, used 736K [0x00000000d5580000, 0x00000000d5e00000, 0x0000000100000000)
  eden space 6144K, 0% used [0x00000000d5580000,0x00000000d5580000,0x00000000d5b80000)
  from space 1536K, 47% used [0x00000000d5b80000,0x00000000d5c38020,0x00000000d5d00000)
  to   space 1024K, 0% used [0x00000000d5d00000,0x00000000d5d00000,0x00000000d5e00000)
 ParOldGen       total 105472K, used 105291K [0x0000000080000000, 0x0000000086700000, 0x00000000d5580000)
  object space 105472K, 99% used [0x0000000080000000,0x00000000866d2ea0,0x0000000086700000)
 Metaspace       used 70596K, committed 72064K, reserved 1114112K
  class space    used 7478K, committed 8128K, reserved 1048576K
}
Event: 62.130 GC heap before
{Heap before GC invocations=125 (full 3):
 PSYoungGen      total 7680K, used 6880K [0x00000000d5580000, 0x00000000d5e00000, 0x0000000100000000)
  eden space 6144K, 100% used [0x00000000d5580000,0x00000000d5b80000,0x00000000d5b80000)
  from space 1536K, 47% used [0x00000000d5b80000,0x00000000d5c38020,0x00000000d5d00000)
  to   space 1024K, 0% used [0x00000000d5d00000,0x00000000d5d00000,0x00000000d5e00000)
 ParOldGen       total 105472K, used 105291K [0x0000000080000000, 0x0000000086700000, 0x00000000d5580000)
  object space 105472K, 99% used [0x0000000080000000,0x00000000866d2ea0,0x0000000086700000)
 Metaspace       used 70701K, committed 72192K, reserved 1114112K
  class space    used 7480K, committed 8128K, reserved 1048576K
}
Event: 64.138 GC heap after
{Heap after GC invocations=125 (full 3):
 PSYoungGen      total 7168K, used 1008K [0x00000000d5580000, 0x00000000d5e00000, 0x0000000100000000)
  eden space 6144K, 0% used [0x00000000d5580000,0x00000000d5580000,0x00000000d5b80000)
  from space 1024K, 98% used [0x00000000d5d00000,0x00000000d5dfc010,0x00000000d5e00000)
  to   space 1536K, 0% used [0x00000000d5b80000,0x00000000d5b80000,0x00000000d5d00000)
 ParOldGen       total 105984K, used 105848K [0x0000000080000000, 0x0000000086780000, 0x00000000d5580000)
  object space 105984K, 99% used [0x0000000080000000,0x000000008675e070,0x0000000086780000)
 Metaspace       used 70701K, committed 72192K, reserved 1114112K
  class space    used 7480K, committed 8128K, reserved 1048576K
}

